<?xml version="1.0" encoding="UTF-8"?>
<!-- Generated by org.testng.reporters.JUnitReportReporter -->
<testsuite hostname="DESKTOP-E5RTUM6" failures="0" tests="2" name="TestNG.DpendencyTest" time="23.199" errors="0" timestamp="2024-11-21T13:17:49 IST" skipped="0">
  <testcase classname="TestNG.DpendencyTest" name="verifyEbaysite" time="22.043"/>
  <system-out/>
  <testcase classname="TestNG.DpendencyTest" name="search" time="1.156"/>
  <system-out/>
</testsuite> <!-- TestNG.DpendencyTest -->
