<?xml version="1.0" encoding="UTF-8"?>
<!-- Generated by org.testng.reporters.JUnitReportReporter -->
<testsuite hostname="DESKTOP-E5RTUM6" failures="0" tests="2" name="TestNG.Test3" time="0.024" errors="0" timestamp="2024-11-19T20:11:40 IST" skipped="0">
  <testcase classname="TestNG.Test3" name="methods2" time="0.008"/>
  <testcase classname="TestNG.Test3" name="methods1" time="0.016"/>
</testsuite> <!-- TestNG.Test3 -->
