<?xml version="1.0" encoding="UTF-8"?>
<!-- Generated by org.testng.reporters.JUnitReportReporter -->
<testsuite hostname="DESKTOP-E5RTUM6" failures="0" tests="1" name="appTest.GoogleTest2" time="17.940" errors="0" timestamp="2024-11-25T13:54:03 IST" skipped="0">
  <testcase classname="appTest.GoogleTest2" name="search" time="17.940"/>
  <system-out/>
</testsuite> <!-- appTest.GoogleTest2 -->
