<?xml version="1.0" encoding="UTF-8"?>
<!-- Generated by org.testng.reporters.JUnitReportReporter -->
<testsuite hostname="DESKTOP-E5RTUM6" failures="0" tests="6" name="testNg2.DataproviderTest2" time="57.856" errors="0" timestamp="2024-11-22T13:37:38 IST" skipped="0">
  <testcase classname="testNg2.DataproviderTest2" name="SwgLogin" time="7.374"/>
  <system-out/>
  <testcase classname="testNg2.DataproviderTest2" name="SwgLogin" time="9.298"/>
  <system-out/>
  <testcase classname="testNg2.DataproviderTest2" name="SwgLogin" time="13.467"/>
  <system-out/>
  <testcase classname="testNg2.DataproviderTest2" name="SwgLogin" time="6.796"/>
  <system-out/>
  <testcase classname="testNg2.DataproviderTest2" name="SwgLogin" time="6.796"/>
  <system-out/>
  <testcase classname="testNg2.DataproviderTest2" name="SwgLogin" time="14.125"/>
  <system-out/>
</testsuite> <!-- testNg2.DataproviderTest2 -->
