<?xml version="1.0" encoding="UTF-8"?>
<!-- Generated by org.testng.reporters.JUnitReportReporter -->
<testsuite hostname="DESKTOP-E5RTUM6" failures="0" tests="1" name="fileObject.FSO" time="0.021" errors="0" timestamp="2024-11-25T18:19:07 IST" skipped="0">
  <testcase classname="fileObject.FSO" name="fso" time="0.021"/>
  <system-out/>
</testsuite> <!-- fileObject.FSO -->
