<?xml version="1.0" encoding="UTF-8"?>
<!-- Generated by org.testng.reporters.JUnitReportReporter -->
<testsuite hostname="DESKTOP-E5RTUM6" failures="0" tests="1" name="pom2_swgpage.SWG_Test2" time="16.906" errors="0" timestamp="2024-11-25T12:43:35 IST" skipped="0">
  <testcase classname="pom2_swgpage.SWG_Test2" name="Login" time="16.906"/>
  <system-out/>
</testsuite> <!-- pom2_swgpage.SWG_Test2 -->
