<?xml version="1.0" encoding="UTF-8"?>
<!-- Generated by org.testng.reporters.JUnitReportReporter -->
<testsuite hostname="DESKTOP-E5RTUM6" failures="0" tests="1" name="appTest.EbayTest1" time="21.200" errors="0" timestamp="2024-11-28T15:33:37 IST" skipped="0">
  <testcase classname="appTest.EbayTest1" name="search" time="21.200"/>
  <system-out/>
</testsuite> <!-- appTest.EbayTest1 -->
