<?xml version="1.0" encoding="UTF-8"?>
<!-- Generated by org.testng.reporters.JUnitReportReporter -->
<testsuite hostname="DESKTOP-E5RTUM6" failures="0" tests="1" name="Testng1.Test3" time="16.769" errors="0" timestamp="2024-11-21T19:45:36 IST" skipped="0">
  <testcase classname="Testng1.Test3" name="Ebaylogin" time="16.769"/>
  <system-out/>
</testsuite> <!-- Testng1.Test3 -->
