<?xml version="1.0" encoding="UTF-8"?>
<!-- Generated by org.testng.reporters.JUnitReportReporter -->
<testsuite hostname="DESKTOP-E5RTUM6" failures="0" tests="2" name="Testng1.DpendencyTest" time="13.117" errors="0" timestamp="2024-11-21T21:54:03 IST" skipped="0">
  <testcase classname="Testng1.DpendencyTest" name="verifyEbaysite" time="11.862"/>
  <system-out/>
  <testcase classname="Testng1.DpendencyTest" name="search" time="1.255"/>
  <system-out/>
</testsuite> <!-- Testng1.DpendencyTest -->
