<?xml version="1.0" encoding="UTF-8"?>
<!-- Generated by org.testng.reporters.JUnitReportReporter -->
<testsuite hostname="DESKTOP-E5RTUM6" failures="0" tests="1" name="TestNG.ebaytest1" time="10.187" errors="0" timestamp="2025-01-30T11:30:53 IST" skipped="0">
  <testcase classname="TestNG.ebaytest1" name="ebaytest" time="10.187"/>
  <system-out/>
</testsuite> <!-- TestNG.ebaytest1 -->
