<?xml version="1.0" encoding="UTF-8"?>
<!-- Generated by org.testng.reporters.JUnitReportReporter -->
<testsuite hostname="DESKTOP-E5RTUM6" failures="0" tests="2" name="Testng1.Test4" time="0.017" errors="0" timestamp="2024-11-21T21:46:10 IST" skipped="0">
  <testcase classname="Testng1.Test4" name="FFbrowser" time="0.002"/>
  <system-out/>
  <testcase classname="Testng1.Test4" name="Chromebrowser" time="0.015"/>
  <system-out/>
</testsuite> <!-- Testng1.Test4 -->
