<?xml version="1.0" encoding="UTF-8"?>
<!-- Generated by org.testng.reporters.JUnitReportReporter -->
<testsuite hostname="DESKTOP-E5RTUM6" failures="0" tests="1" name="Testng1.Test2" time="11.218" errors="0" timestamp="2024-11-21T19:45:36 IST" skipped="0">
  <testcase classname="Testng1.Test2" name="LaunchBrowser" time="11.218"/>
  <system-out/>
</testsuite> <!-- Testng1.Test2 -->
