<?xml version="1.0" encoding="UTF-8"?>
<!-- Generated by org.testng.reporters.JUnitReportReporter -->
<testsuite hostname="DESKTOP-E5RTUM6" failures="0" tests="3" name="testNg2.DataproviderTest" time="23.758" errors="0" timestamp="2024-11-22T13:12:19 IST" skipped="0">
  <testcase classname="testNg2.DataproviderTest" name="swglogin" time="7.019"/>
  <system-out/>
  <testcase classname="testNg2.DataproviderTest" name="swglogin" time="8.088"/>
  <system-out/>
  <testcase classname="testNg2.DataproviderTest" name="swglogin" time="8.651"/>
  <system-out/>
</testsuite> <!-- testNg2.DataproviderTest -->
