<?xml version="1.0" encoding="UTF-8"?>
<!-- Generated by org.testng.reporters.JUnitReportReporter -->
<testsuite hostname="DESKTOP-E5RTUM6" failures="0" tests="1" name="TestNG.Test1" time="13.601" errors="0" timestamp="2024-11-20T19:13:19 IST" skipped="0">
  <testcase classname="TestNG.Test1" name="Login" time="13.601"/>
  <system-out/>
</testsuite> <!-- TestNG.Test1 -->
