<?xml version="1.0" encoding="UTF-8"?>
<!-- Generated by org.testng.reporters.JUnitReportReporter -->
<testsuite hostname="DESKTOP-E5RTUM6" failures="0" tests="1" name="pomSwgTest.TC001" time="1.987" errors="0" timestamp="2024-11-22T19:43:41 IST" skipped="0">
  <testcase classname="pomSwgTest.TC001" name="VerifyLogin" time="1.987"/>
  <system-out/>
</testsuite> <!-- pomSwgTest.TC001 -->
