<?xml version="1.0" encoding="UTF-8"?>
<!-- Generated by org.testng.reporters.JUnitReportReporter -->
<testsuite hostname="DESKTOP-E5RTUM6" failures="0" tests="3" name="TestNG.Test4" time="22.228" errors="0" timestamp="2024-11-21T11:42:18 IST" skipped="0">
  <testcase classname="TestNG.Test4" name="startup" time="6.465"/>
  <system-out/>
  <testcase classname="TestNG.Test4" name="verifyhomepage" time="7.426"/>
  <system-out/>
  <testcase classname="TestNG.Test4" name="login" time="8.337"/>
  <system-out/>
</testsuite> <!-- TestNG.Test4 -->
