<?xml version="1.0" encoding="UTF-8"?>
<!-- Generated by org.testng.reporters.JUnitReportReporter -->
<testsuite hostname="DESKTOP-E5RTUM6" failures="0" tests="3" name="testNg2.NewTest" time="0.035" errors="0" timestamp="2024-11-22T11:20:06 IST" skipped="0">
  <testcase classname="testNg2.NewTest" name="f2" time="0.010"/>
  <system-out/>
  <testcase classname="testNg2.NewTest" name="f1" time="0.010"/>
  <system-out/>
  <testcase classname="testNg2.NewTest" name="f3" time="0.015"/>
  <system-out/>
</testsuite> <!-- testNg2.NewTest -->
