<?xml version="1.0" encoding="UTF-8"?>
<!-- Generated by org.testng.reporters.JUnitReportReporter -->
<testsuite hostname="DESKTOP-E5RTUM6" failures="0" tests="3" name="testNg2.NewTest1" time="21.910" errors="0" timestamp="2024-11-22T12:07:10 IST" skipped="0">
  <testcase classname="testNg2.NewTest1" name="clicksearchtextbox" time="10.958"/>
  <system-out/>
  <testcase classname="testNg2.NewTest1" name="Verifysearchtextbox" time="5.585"/>
  <system-out/>
  <testcase classname="testNg2.NewTest1" name="Verifyhomepage" time="5.367"/>
  <system-out/>
</testsuite> <!-- testNg2.NewTest1 -->
