<?xml version="1.0" encoding="UTF-8"?>
<!-- Generated by org.testng.reporters.JUnitReportReporter -->
<testsuite hostname="DESKTOP-E5RTUM6" failures="0" tests="2" name="Testng1.Before_AfterTest1" time="4.747" errors="0" timestamp="2024-11-21T23:18:36 IST" skipped="0">
  <testcase classname="Testng1.Before_AfterTest1" name="verifyhomepage" time="0.055"/>
  <system-out/>
  <testcase classname="Testng1.Before_AfterTest1" name="login" time="4.692"/>
  <system-out/>
</testsuite> <!-- Testng1.Before_AfterTest1 -->
