<?xml version="1.0" encoding="UTF-8"?>
<!-- Generated by org.testng.reporters.JUnitReportReporter -->
<testsuite hostname="DESKTOP-E5RTUM6" failures="0" tests="1" name="Javascriptexecutor.ebaytest1" time="8.751" errors="0" timestamp="2025-01-30T11:55:46 IST" skipped="0">
  <testcase classname="Javascriptexecutor.ebaytest1" name="ebaytest" time="8.751"/>
  <system-out/>
</testsuite> <!-- Javascriptexecutor.ebaytest1 -->
